<?xml version="1.0" encoding="UTF-8"?>
<testng-results ignored="0" total="1" passed="1" failed="0" skipped="0">
  <reporter-output>
  </reporter-output>
  <suite started-at="2026-08-06T17:45:49 IST" name="Default suite" finished-at="2026-08-06T17:46:07 IST" duration-ms="17916">
    <groups>
    </groups>
    <test started-at="2026-08-06T17:45:49 IST" name="Default test" finished-at="2026-08-06T17:46:07 IST" duration-ms="17916">
      <class name="usermangement.AddLeadFromWeb">
        <test-method is-config="true" signature="openBrowser()[pri:0, instance:usermangement.AddLeadFromWeb@117159c0]" started-at="2026-08-06T17:45:49 IST" name="openBrowser" finished-at="2026-08-06T17:45:57 IST" duration-ms="7563" status="PASS">
          <reporter-output>
          </reporter-output>
        </test-method> <!-- openBrowser -->
        <test-method signature="addLead()[pri:0, instance:usermangement.AddLeadFromWeb@117159c0]" started-at="2026-08-06T17:45:57 IST" name="addLead" finished-at="2026-08-06T17:46:07 IST" duration-ms="10297" status="PASS">
          <reporter-output>
          </reporter-output>
        </test-method> <!-- addLead -->
      </class> <!-- usermangement.AddLeadFromWeb -->
    </test> <!-- Default test -->
  </suite> <!-- Default suite -->
</testng-results>
