<?xml version="1.0" encoding="UTF-8"?>
<testng-results ignored="0" total="1" passed="1" failed="0" skipped="0">
  <reporter-output>
  </reporter-output>
  <suite started-at="2026-08-05T12:03:18 IST" name="Default suite" finished-at="2026-08-05T12:04:07 IST" duration-ms="49134">
    <groups>
    </groups>
    <test started-at="2026-08-05T12:03:18 IST" name="Default test" finished-at="2026-08-05T12:04:07 IST" duration-ms="49134">
      <class name="usermangement.TestAddClient">
        <test-method is-config="true" signature="openBrowser()[pri:0, instance:usermangement.TestAddClient@117159c0]" started-at="2026-08-05T12:03:18 IST" name="openBrowser" finished-at="2026-08-05T12:03:27 IST" duration-ms="8876" status="PASS">
          <reporter-output>
          </reporter-output>
        </test-method> <!-- openBrowser -->
        <test-method signature="addClient()[pri:0, instance:usermangement.TestAddClient@117159c0]" started-at="2026-08-05T12:03:27 IST" name="addClient" finished-at="2026-08-05T12:04:07 IST" duration-ms="40202" status="PASS">
          <reporter-output>
          </reporter-output>
        </test-method> <!-- addClient -->
      </class> <!-- usermangement.TestAddClient -->
    </test> <!-- Default test -->
  </suite> <!-- Default suite -->
</testng-results>
