<?xml version="1.0" encoding="UTF-8"?>
<!-- Generated by org.testng.reporters.JUnitReportReporter -->
<testsuite hostname="Lenovo" failures="0" tests="1" name="coach_management.AddClientTest" time="9.578" errors="1" timestamp="2026-05-08T18:41:12 IST" skipped="0">
  <testcase classname="coach_management.AddClientTest" name="addClient" time="9.578">
    <error message="element click intercepted: Element &lt;div data-lov-id=&quot;src\pages\Clients.tsx:546:22&quot; data-lov-name=&quot;div&quot; data-component-path=&quot;src\pages\Clients.tsx&quot; data-component-line=&quot;546&quot; data-component-file=&quot;Clients.tsx&quot; data-component-name=&quot;div&quot; data-component-content=&quot;%7B%22className%22%3A%22flex%20items-center%20text-sm%22%7D&quot; class=&quot;flex items-center text-sm&quot;&gt;...&lt;/div&gt; is not clickable at point (408, 487). Other element would receive the click: &lt;div data-lov-id=&quot;src\components\common\client\ClientForm.tsx:1034:12&quot; data-lov-name=&quot;div&quot; data-component-path=&quot;src\components\common\client\ClientForm.tsx&quot; data-component-line=&quot;1034&quot; data-component-file=&quot;ClientForm.tsx&quot; data-component-name=&quot;div&quot; data-component-content=&quot;%7B%22className%22%3A%22relative%20w-full%20rounded-md%20border-2%20border-dashed%20border-muted-foreground%2F25%20flex%20flex-col%20items-center%20justify-center%20bg-gray-50%20dark%3Abg-transparent%20p-4%22%7D&quot; class=&quot;relative w-full rounded-md border-2 border-dashed border-muted-foreground/25 flex flex-col items-center justify-center bg-gray-50 dark:bg-transparent p-4&quot;&gt;...&lt;/div&gt;
  (Session info: chrome=147.0.7727.117)
Build info: version: &#039;4.30.0&#039;, revision: &#039;509c7f17cc*&#039;
System info: os.name: &#039;Windows 11&#039;, os.arch: &#039;amd64&#039;, os.version: &#039;10.0&#039;, java.version: &#039;23.0.2&#039;
Driver info: org.openqa.selenium.chrome.ChromeDriver
Command: [926a8667f18bad4e21e69df1e971c6aa, clickElement {id=f.2190C99F079C01012B5727B8512D8B8F.d.3ED81DF65B204E4117E49F69CC5FA825.e.138}]
Capabilities {acceptInsecureCerts: false, browserName: chrome, browserVersion: 147.0.7727.117, chrome: {chromedriverVersion: 147.0.7727.117 (474cc805edd..., userDataDir: C:\Users\vk368\AppData\Loca...}, fedcm:accounts: true, goog:chromeOptions: {debuggerAddress: localhost:58764}, goog:processID: 7116, networkConnectionEnabled: false, pageLoadStrategy: normal, platformName: windows, proxy: Proxy(), se:cdp: ws://localhost:58764/devtoo..., se:cdpVersion: 147.0.7727.117, setWindowRect: true, strictFileInteractability: false, timeouts: {implicit: 0, pageLoad: 300000, script: 30000}, unhandledPromptBehavior: dismiss and notify, webauthn:extension:credBlob: true, webauthn:extension:largeBlob: true, webauthn:extension:minPinLength: true, webauthn:extension:prf: true, webauthn:virtualAuthenticators: true}
Element: [[ChromeDriver: chrome on windows (926a8667f18bad4e21e69df1e971c6aa)] -&gt; xpath: /html/body/div/div[1]/div/main/div/div/div[3]/div[2]/div[1]/div[1]/div[2]/div/div[1]]
Session ID: 926a8667f18bad4e21e69df1e971c6aa" type="org.openqa.selenium.ElementClickInterceptedException">
      <![CDATA[org.openqa.selenium.ElementClickInterceptedException: element click intercepted: Element <div data-lov-id="src\pages\Clients.tsx:546:22" data-lov-name="div" data-component-path="src\pages\Clients.tsx" data-component-line="546" data-component-file="Clients.tsx" data-component-name="div" data-component-content="%7B%22className%22%3A%22flex%20items-center%20text-sm%22%7D" class="flex items-center text-sm">...</div> is not clickable at point (408, 487). Other element would receive the click: <div data-lov-id="src\components\common\client\ClientForm.tsx:1034:12" data-lov-name="div" data-component-path="src\components\common\client\ClientForm.tsx" data-component-line="1034" data-component-file="ClientForm.tsx" data-component-name="div" data-component-content="%7B%22className%22%3A%22relative%20w-full%20rounded-md%20border-2%20border-dashed%20border-muted-foreground%2F25%20flex%20flex-col%20items-center%20justify-center%20bg-gray-50%20dark%3Abg-transparent%20p-4%22%7D" class="relative w-full rounded-md border-2 border-dashed border-muted-foreground/25 flex flex-col items-center justify-center bg-gray-50 dark:bg-transparent p-4">...</div>
  (Session info: chrome=147.0.7727.117)
Build info: version: '4.30.0', revision: '509c7f17cc*'
System info: os.name: 'Windows 11', os.arch: 'amd64', os.version: '10.0', java.version: '23.0.2'
Driver info: org.openqa.selenium.chrome.ChromeDriver
Command: [926a8667f18bad4e21e69df1e971c6aa, clickElement {id=f.2190C99F079C01012B5727B8512D8B8F.d.3ED81DF65B204E4117E49F69CC5FA825.e.138}]
Capabilities {acceptInsecureCerts: false, browserName: chrome, browserVersion: 147.0.7727.117, chrome: {chromedriverVersion: 147.0.7727.117 (474cc805edd..., userDataDir: C:\Users\vk368\AppData\Loca...}, fedcm:accounts: true, goog:chromeOptions: {debuggerAddress: localhost:58764}, goog:processID: 7116, networkConnectionEnabled: false, pageLoadStrategy: normal, platformName: windows, proxy: Proxy(), se:cdp: ws://localhost:58764/devtoo..., se:cdpVersion: 147.0.7727.117, setWindowRect: true, strictFileInteractability: false, timeouts: {implicit: 0, pageLoad: 300000, script: 30000}, unhandledPromptBehavior: dismiss and notify, webauthn:extension:credBlob: true, webauthn:extension:largeBlob: true, webauthn:extension:minPinLength: true, webauthn:extension:prf: true, webauthn:virtualAuthenticators: true}
Element: [[ChromeDriver: chrome on windows (926a8667f18bad4e21e69df1e971c6aa)] -> xpath: /html/body/div/div[1]/div/main/div/div/div[3]/div[2]/div[1]/div[1]/div[2]/div/div[1]]
Session ID: 926a8667f18bad4e21e69df1e971c6aa
at java.base/jdk.internal.reflect.DirectConstructorHandleAccessor.newInstance(DirectConstructorHandleAccessor.java:62)
at java.base/java.lang.reflect.Constructor.newInstanceWithCaller(Constructor.java:501)
at java.base/java.lang.reflect.Constructor.newInstance(Constructor.java:485)
at org.openqa.selenium.remote.ErrorCodec.decode(ErrorCodec.java:167)
at org.openqa.selenium.remote.codec.w3c.W3CHttpResponseCodec.decode(W3CHttpResponseCodec.java:138)
at org.openqa.selenium.remote.codec.w3c.W3CHttpResponseCodec.decode(W3CHttpResponseCodec.java:50)
at org.openqa.selenium.remote.HttpCommandExecutor.execute(HttpCommandExecutor.java:215)
at org.openqa.selenium.remote.service.DriverCommandExecutor.invokeExecute(DriverCommandExecutor.java:216)
at org.openqa.selenium.remote.service.DriverCommandExecutor.execute(DriverCommandExecutor.java:174)
at org.openqa.selenium.remote.RemoteWebDriver.execute(RemoteWebDriver.java:545)
at org.openqa.selenium.remote.RemoteWebElement.execute(RemoteWebElement.java:223)
at org.openqa.selenium.remote.RemoteWebElement.click(RemoteWebElement.java:76)
at coach_management.AddClient.selectGoalsAndSubmit(AddClient.java:186)
at coach_management.AddClientTest.addClient(AddClientTest.java:44)
at java.base/jdk.internal.reflect.DirectMethodHandleAccessor.invoke(DirectMethodHandleAccessor.java:103)
at java.base/java.lang.reflect.Method.invoke(Method.java:580)
at org.testng.internal.invokers.MethodInvocationHelper.invokeMethod(MethodInvocationHelper.java:141)
at org.testng.internal.invokers.TestInvoker.invokeMethod(TestInvoker.java:687)
at org.testng.internal.invokers.TestInvoker.invokeTestMethod(TestInvoker.java:230)
at org.testng.internal.invokers.MethodRunner.runInSequence(MethodRunner.java:63)
at org.testng.internal.invokers.TestInvoker$MethodInvocationAgent.invoke(TestInvoker.java:995)
at org.testng.internal.invokers.TestInvoker.invokeTestMethods(TestInvoker.java:203)
at org.testng.internal.invokers.TestMethodWorker.invokeTestMethods(TestMethodWorker.java:154)
at org.testng.internal.invokers.TestMethodWorker.run(TestMethodWorker.java:134)
at java.base/java.util.ArrayList.forEach(ArrayList.java:1597)
at org.testng.TestRunner.privateRun(TestRunner.java:741)
at org.testng.TestRunner.run(TestRunner.java:616)
at org.testng.SuiteRunner.runTest(SuiteRunner.java:421)
at org.testng.SuiteRunner.runSequentially(SuiteRunner.java:413)
at org.testng.SuiteRunner.privateRun(SuiteRunner.java:373)
at org.testng.SuiteRunner.run(SuiteRunner.java:312)
at org.testng.SuiteRunnerWorker.runSuite(SuiteRunnerWorker.java:52)
at org.testng.SuiteRunnerWorker.run(SuiteRunnerWorker.java:95)
at org.testng.TestNG.runSuitesSequentially(TestNG.java:1274)
at org.testng.TestNG.runSuitesLocally(TestNG.java:1208)
at org.testng.TestNG.runSuites(TestNG.java:1112)
at org.testng.TestNG.run(TestNG.java:1079)
at org.testng.remote.AbstractRemoteTestNG.run(AbstractRemoteTestNG.java:115)
at org.testng.remote.RemoteTestNG.initAndRun(RemoteTestNG.java:293)
at org.testng.remote.RemoteTestNG.main(RemoteTestNG.java:91)
]]>
    </error>
  </testcase> <!-- addClient -->
</testsuite> <!-- coach_management.AddClientTest -->
